<?xml version="1.0" encoding="UTF-8"?>
<testsuites name="Mocha Tests" time="0.0000" tests="1" failures="1">
  <testsuite name="Root Suite" timestamp="2021-02-25T12:32:38" tests="0" file="cypress/integration/automation-test-store/alias-invoke.js" time="0.0000" failures="0">
  </testsuite>
  <testsuite name="Alias and invoke" timestamp="2021-02-25T12:32:38" tests="1" time="0.0000" failures="1">
    <testcase name="Alias and invoke this test is the same as the above but logs the total amount of the price items" time="0.0000" classname="this test is the same as the above but logs the total amount of the price items">
      <failure message="expected 403 to equal 527.45" type="AssertionError"><![CDATA[AssertionError: expected 403 to equal 527.45
    at Context.eval (https://www.automationteststore.com/__cypress/tests?p=cypress/integration/automation-test-store/alias-invoke.js:183:29)]]></failure>
    </testcase>
  </testsuite>
</testsuites>