<?xml version="1.0"?>
<testsuites>
<testsuite name="Root Suite" timestamp="2021-02-25T12:34:55" tests="0" file="cypress/integration/webdriver-uni/date-picker.js" time="0.0000" failures="0"></testsuite>
<testsuite name="Test Datepicker via webdriveruni" timestamp="2021-02-25T12:34:55" tests="1" time="5.0900" failures="0">
  
  <testcase name="Test Datepicker via webdriveruni Select date-picker from date picker" time="5.0900" classname="Select date-picker from date picker"></testcase>
  
</testsuite>

<testsuite name="Root Suite" timestamp="2021-02-25T12:23:45" tests="0" file="cypress/integration/webdriver-uni/dropdown.js" time="0.0000" failures="0"></testsuite>
<testsuite name="Interact with dropdown lists via webdriver" timestamp="2021-02-25T12:23:45" tests="1" time="1.8470" failures="0">
  
  <testcase name="Interact with dropdown lists via webdriver Select specific values via select dropdown lists" time="1.8470" classname="Select specific values via select dropdown lists"></testcase>
  
</testsuite>

<testsuite name="Root Suite" timestamp="2021-02-25T12:34:10" tests="0" file="cypress/integration/webdriver-uni/autocomplete.js" time="0.0000" failures="0"></testsuite>
<testsuite name="Interact with autocomplpete" timestamp="2021-02-25T12:34:10" tests="1" time="5.2710" failures="0">
  
  <testcase name="Interact with autocomplpete Select specific product via autocomplpete list" time="5.2710" classname="Select specific product via autocomplpete list"></testcase>
  
</testsuite>

<testsuite name="Root Suite" timestamp="2021-02-25T12:35:24" tests="0" file="cypress/integration/webdriver-uni/hooks.js" time="0.0000" failures="0"></testsuite>
<testsuite name="Hooks" timestamp="2021-02-25T12:35:24" tests="2" time="0.0810" failures="0">
  
  <testcase name="Hooks test one" time="0.0610" classname="test one"></testcase>
  
  <testcase name="Hooks test two" time="0.0200" classname="test two"></testcase>
  
</testsuite>

<testsuite name="Root Suite" timestamp="2021-02-25T12:33:03" tests="0" file="cypress/integration/automation-test-store/inspect-item.js" time="0.0000" failures="0"></testsuite>
<testsuite name="Automation Test Store" timestamp="2021-02-25T12:33:03" tests="2" time="7.5150" failures="0">
  
  <testcase name="Automation Test Store should be able to submit a successful submission via contact us form" time="4.1170" classname="should be able to submit a successful submission via contact us form"></testcase>
  
  <testcase name="Automation Test Store should be able to submit a successful submission via contact us form" time="3.3980" classname="should be able to submit a successful submission via contact us form"></testcase>
  
</testsuite>

<testsuite name="Root Suite" timestamp="2021-02-25T12:33:51" tests="0" file="cypress/integration/other/super-domain.js" time="0.0000" failures="0"></testsuite>
<testsuite name="Test Contact Us form via WebDriverUni" timestamp="2021-02-25T12:33:51" tests="1" time="0.8030" failures="0">
  
  <testcase name="Test Contact Us form via WebDriverUni should not be able to access to different domains via use actions" time="0.8030" classname="should not be able to access to different domains via use actions"></testcase>
  
</testsuite>

<testsuite name="Root Suite" timestamp="2021-02-25T12:22:16" tests="0" file="cypress/integration/other/super-domain.js" time="0.0000" failures="0"></testsuite>
<testsuite name="Test Contact Us form via WebDriverUni" timestamp="2021-02-25T12:22:16" tests="1" time="0.9250" failures="0">
  
  <testcase name="Test Contact Us form via WebDriverUni should not be able to access to different domains via use actions" time="0.9250" classname="should not be able to access to different domains via use actions"></testcase>
  
</testsuite>

<testsuite name="Root Suite" timestamp="2021-02-25T12:34:20" tests="0" file="cypress/integration/webdriver-uni/browser-navigation.js" time="0.0000" failures="0"></testsuite>
<testsuite name="Validate webdriveruni homepage links" timestamp="2021-02-25T12:34:20" tests="2" time="3.5780" failures="0">
  
  <testcase name="Validate webdriveruni homepage links Confirm links redirect to the correct pages" time="2.5550" classname="Confirm links redirect to the correct pages"></testcase>
  
  <testcase name="Validate webdriveruni homepage links Confirm links redirect to the correct pages challenges" time="1.0230" classname="Confirm links redirect to the correct pages challenges"></testcase>
  
</testsuite>

<testsuite name="Root Suite" timestamp="2021-02-25T12:21:06" tests="0" file="cypress/integration/automation-test-store/contact-us.js" time="0.0000" failures="0"></testsuite>
<testsuite name="Test Contact Us form via Automation Test Store" timestamp="2021-02-25T12:21:06" tests="1" time="4.7730" failures="0">
  
  <testcase name="Test Contact Us form via Automation Test Store should be able to submit a successful submission via contact us form" time="4.7730" classname="should be able to submit a successful submission via contact us form"></testcase>
  
</testsuite>

<testsuite name="Root Suite" timestamp="2021-02-25T12:23:27" tests="0" file="cypress/integration/webdriver-uni/data-tables.js" time="0.0000" failures="0"></testsuite>
<testsuite name="Handling data via webdriveruni" timestamp="2021-02-25T12:23:27" tests="1" time="1.8930" failures="0">
  
  <testcase name="Handling data via webdriveruni Calcaluta the age of a given user based on the last name" time="1.8930" classname="Calcaluta the age of a given user based on the last name"></testcase>
  
</testsuite>

<testsuite name="Root Suite" timestamp="2021-02-25T12:34:37" tests="0" file="cypress/integration/webdriver-uni/contactus.js" time="0.0000" failures="0"></testsuite>
<testsuite name="Test Contact Us form via WebDriverUni" timestamp="2021-02-25T12:34:37" tests="1" time="4.5040" failures="0">
  
  <testcase name="Test Contact Us form via WebDriverUni should be able to submit a successful submission via contact us form" time="4.5040" classname="should be able to submit a successful submission via contact us form"></testcase>
  
</testsuite>

<testsuite name="Root Suite" timestamp="2021-02-25T12:22:48" tests="0" file="cypress/integration/webdriver-uni/browser-navigation.js" time="0.0000" failures="0"></testsuite>
<testsuite name="Validate webdriveruni homepage links" timestamp="2021-02-25T12:22:48" tests="2" time="13.3980" failures="0">
  
  <testcase name="Validate webdriveruni homepage links Confirm links redirect to the correct pages" time="9.4290" classname="Confirm links redirect to the correct pages"></testcase>
  
  <testcase name="Validate webdriveruni homepage links Confirm links redirect to the correct pages challenges" time="3.9690" classname="Confirm links redirect to the correct pages challenges"></testcase>
  
</testsuite>

<testsuite name="Root Suite" timestamp="2021-02-25T12:21:15" tests="0" file="cypress/integration/automation-test-store/inspect-item.js" time="0.0000" failures="0"></testsuite>
<testsuite name="Automation Test Store" timestamp="2021-02-25T12:21:15" tests="2" time="8.5830" failures="0">
  
  <testcase name="Automation Test Store should be able to submit a successful submission via contact us form" time="3.7760" classname="should be able to submit a successful submission via contact us form"></testcase>
  
  <testcase name="Automation Test Store should be able to submit a successful submission via contact us form" time="4.8070" classname="should be able to submit a successful submission via contact us form"></testcase>
  
</testsuite>

<testsuite name="Root Suite" timestamp="2021-02-25T12:23:34" tests="0" file="cypress/integration/webdriver-uni/date-picker.js" time="0.0000" failures="0"></testsuite>
<testsuite name="Test Datepicker via webdriveruni" timestamp="2021-02-25T12:23:34" tests="1" time="4.6920" failures="0">
  
  <testcase name="Test Datepicker via webdriveruni Select date-picker from date picker" time="4.6920" classname="Select date-picker from date picker"></testcase>
  
</testsuite>

<testsuite name="Root Suite" timestamp="2021-02-25T12:20:57" tests="0" file="cypress/integration/automation-test-store/alias-invoke.js" time="0.0000" failures="0"></testsuite>
<testsuite name="Alias and invoke" timestamp="2021-02-25T12:20:58" tests="1" time="0.0000" failures="1">
  
  <testcase name="Alias and invoke this test is the same as the above but logs the total amount of the price items" time="0.0000" classname="this test is the same as the above but logs the total amount of the price items">
    
    <failure message="expected 403 to equal 527.45" type="AssertionError"><![CDATA[AssertionError: expected 403 to equal 527.45
    at Context.eval (https://www.automationteststore.com/__cypress/tests?p=cypress/integration/automation-test-store/alias-invoke.js:183:29)]]></failure>
    
  </testcase>
  
</testsuite>

<testsuite name="Root Suite" timestamp="2021-02-25T12:35:59" tests="0" file="cypress/integration/webdriver-uni/traversing-elements.js" time="0.0000" failures="0"></testsuite>
<testsuite name="Traversing DOM elements in Cypress" timestamp="2021-02-25T12:35:59" tests="16" time="14.6040" failures="0">
  
  <testcase name="Traversing DOM elements in Cypress children() to get the children of DOM elements" time="3.9160" classname="children() to get the children of DOM elements"></testcase>
  
  <testcase name="Traversing DOM elements in Cypress closest() to validate the closest ancestor DOM element" time="0.9350" classname="closest() to validate the closest ancestor DOM element"></testcase>
  
  <testcase name="Traversing DOM elements in Cypress eq() to retrieve a specific element based on index" time="1.5410" classname="eq() to retrieve a specific element based on index"></testcase>
  
  <testcase name="Traversing DOM elements in Cypress filter() to retrieve DOM elements that match a specific selector" time="0.5070" classname="filter() to retrieve DOM elements that match a specific selector"></testcase>
  
  <testcase name="Traversing DOM elements in Cypress find() to retrieve DOM elements of a given selector pagination" time="0.5030" classname="find() to retrieve DOM elements of a given selector pagination"></testcase>
  
  <testcase name="Traversing DOM elements in Cypress first() to retrieve the first DOM element within elements table" time="0.5050" classname="first() to retrieve the first DOM element within elements table"></testcase>
  
  <testcase name="Traversing DOM elements in Cypress last() to retrieve the last DOM element within elements" time="0.4280" classname="last() to retrieve the last DOM element within elements"></testcase>
  
  <testcase name="Traversing DOM elements in Cypress nextAll() to get all of the next sibling DOM elements within elements" time="1.1600" classname="nextAll() to get all of the next sibling DOM elements within elements"></testcase>
  
  <testcase name="Traversing DOM elements in Cypress nextUntil() to get all of the next sibling DOM elements within elements until another element" time="0.4420" classname="nextUntil() to get all of the next sibling DOM elements within elements until another element"></testcase>
  
  <testcase name="Traversing DOM elements in Cypress not() to remove DOM element(s) from the set of elements" time="0.6300" classname="not() to remove DOM element(s) from the set of elements"></testcase>
  
  <testcase name="Traversing DOM elements in Cypress parent() To get parent DOM element of elements" time="0.6400" classname="parent() To get parent DOM element of elements"></testcase>
  
  <testcase name="Traversing DOM elements in Cypress parents() to get parents DOM element of elements" time="0.8770" classname="parents() to get parents DOM element of elements"></testcase>
  
  <testcase name="Traversing DOM elements in Cypress prev() to get the previous sibling DOM element within elements" time="0.6260" classname="prev() to get the previous sibling DOM element within elements"></testcase>
  
  <testcase name="Traversing DOM elements in Cypress prevAll() to get all previous sibling DOM elements within elements" time="0.7130" classname="prevAll() to get all previous sibling DOM elements within elements"></testcase>
  
  <testcase name="Traversing DOM elements in Cypress prevUntil() to get all previous sibling DOM elements within elements until other element" time="0.6330" classname="prevUntil() to get all previous sibling DOM elements within elements until other element"></testcase>
  
  <testcase name="Traversing DOM elements in Cypress siblings() To get all sibling DOM elements of elements" time="0.5480" classname="siblings() To get all sibling DOM elements of elements"></testcase>
  
</testsuite>


<testsuite name="Root Suite" timestamp="2021-02-25T12:32:24" tests="0" file="cypress/integration/automation-test-store/add-multiple-items-to-basket.js" time="0.0000" failures="0"></testsuite>
<testsuite name="Add multiple items to basket" timestamp="2021-02-25T12:32:24" tests="1" time="6.1680" failures="0">
  
  <testcase name="Add multiple items to basket Add specific items to basket" time="6.1680" classname="Add specific items to basket"></testcase>
  
</testsuite>

<testsuite name="Root Suite" timestamp="2021-02-25T12:33:16" tests="0" file="cypress/integration/automation-test-store/iterate-each-element.js" time="0.0000" failures="0"></testsuite>
<testsuite name="Automation Test Store" timestamp="2021-02-25T12:33:16" tests="5" time="17.8830" failures="0">
  
  <testcase name="Automation Test Store Log information of all hair products" time="3.4890" classname="Log information of all hair products"></testcase>
  
  <testcase name="Automation Test Store Add specific product to basket" time="3.4930" classname="Add specific product to basket"></testcase>
  
  <testcase name="Automation Test Store Add another specific product to baske onet" time="3.4990" classname="Add another specific product to baske onet"></testcase>
  
  <testcase name="Automation Test Store Add another specific product to basket two" time="3.4150" classname="Add another specific product to basket two"></testcase>
  
  <testcase name="Automation Test Store Add another specific product to basket three" time="3.9870" classname="Add another specific product to basket three"></testcase>
  
</testsuite>

<testsuite name="Root Suite" timestamp="2021-02-25T12:23:53" tests="0" file="cypress/integration/webdriver-uni/file-upload.js" time="0.0000" failures="0"></testsuite>
<testsuite name="Test upload webdriveruni" timestamp="2021-02-25T12:23:53" tests="2" time="1.8370" failures="0">
  
  <testcase name="Test upload webdriveruni Upload a file...." time="1.1540" classname="Upload a file...."></testcase>
  
  <testcase name="Test upload webdriveruni Upload no file...." time="0.6830" classname="Upload no file...."></testcase>
  
</testsuite>

<testsuite name="Root Suite" timestamp="2021-02-25T12:32:50" tests="0" file="cypress/integration/automation-test-store/contact-us.js" time="0.0000" failures="0"></testsuite>
<testsuite name="Test Contact Us form via Automation Test Store" timestamp="2021-02-25T12:32:50" tests="1" time="6.4780" failures="0">
  
  <testcase name="Test Contact Us form via Automation Test Store should be able to submit a successful submission via contact us form" time="6.4780" classname="should be able to submit a successful submission via contact us form"></testcase>
  
</testsuite>

<testsuite name="Root Suite" timestamp="2021-02-25T12:23:16" tests="0" file="cypress/integration/webdriver-uni/contactus.js" time="0.0000" failures="0"></testsuite>
<testsuite name="Test Contact Us form via WebDriverUni" timestamp="2021-02-25T12:23:16" tests="1" time="5.1340" failures="0">
  
  <testcase name="Test Contact Us form via WebDriverUni should be able to submit a successful submission via contact us form" time="5.1340" classname="should be able to submit a successful submission via contact us form"></testcase>
  
</testsuite>

<testsuite name="Root Suite" timestamp="2021-02-25T12:20:48" tests="0" file="cypress/integration/automation-test-store/add-multiple-items-to-basket.js" time="0.0000" failures="0"></testsuite>
<testsuite name="Add multiple items to basket" timestamp="2021-02-25T12:20:48" tests="1" time="4.6470" failures="0">
  
  <testcase name="Add multiple items to basket Add specific items to basket" time="4.6470" classname="Add specific items to basket"></testcase>
  
</testsuite>

<testsuite name="Root Suite" timestamp="2021-02-25T12:22:40" tests="0" file="cypress/integration/webdriver-uni/autocomplete.js" time="0.0000" failures="0"></testsuite>
<testsuite name="Interact with autocomplpete" timestamp="2021-02-25T12:22:40" tests="1" time="2.7580" failures="0">
  
  <testcase name="Interact with autocomplpete Select specific product via autocomplpete list" time="2.7580" classname="Select specific product via autocomplpete list"></testcase>
  
</testsuite>

<testsuite name="Root Suite" timestamp="2021-02-25T12:35:50" tests="0" file="cypress/integration/webdriver-uni/redio-buttons.js" time="0.0000" failures="0"></testsuite>
<testsuite name="Handle radio-buttons" timestamp="2021-02-25T12:35:50" tests="2" time="1.8030" failures="0">
  
  <testcase name="Handle radio-buttons Check specific radio buttons" time="1.1880" classname="Check specific radio buttons"></testcase>
  
  <testcase name="Handle radio-buttons Validate the specific state of the radio buttons" time="0.6150" classname="Validate the specific state of the radio buttons"></testcase>
  
</testsuite>

<testsuite name="Root Suite" timestamp="2021-02-25T12:24:26" tests="0" file="cypress/integration/webdriver-uni/redio-buttons.js" time="0.0000" failures="0"></testsuite>
<testsuite name="Handle radio-buttons" timestamp="2021-02-25T12:24:26" tests="2" time="1.6650" failures="0">
  
  <testcase name="Handle radio-buttons Check specific radio buttons" time="1.0690" classname="Check specific radio buttons"></testcase>
  
  <testcase name="Handle radio-buttons Validate the specific state of the radio buttons" time="0.5960" classname="Validate the specific state of the radio buttons"></testcase>
  
</testsuite>

<testsuite name="Root Suite" timestamp="2021-02-25T12:33:44" tests="0" file="cypress/integration/automation-test-store/variable-and-cy-command.js" time="0.0000" failures="0"></testsuite>
<testsuite name="Verifying variables, cyress commands and hquery commands" timestamp="2021-02-25T12:33:44" tests="1" time="1.5690" failures="0">
  
  <testcase name="Verifying variables, cyress commands and hquery commands Navigating to specific product pages" time="1.5690" classname="Navigating to specific product pages"></testcase>
  
</testsuite>

<testsuite name="Root Suite" timestamp="2021-02-25T12:24:14" tests="0" file="cypress/integration/webdriver-uni/js-alert.js" time="0.0000" failures="0"></testsuite>
<testsuite name="Handle js alert" timestamp="2021-02-25T12:24:14" tests="1" time="1.4260" failures="0">
  
  <testcase name="Handle js alert Validate js alert works correctly when clicked on cancel challenge" time="1.4260" classname="Validate js alert works correctly when clicked on cancel challenge"></testcase>
  
</testsuite>

<testsuite name="Root Suite" timestamp="2021-02-25T12:23:08" tests="0" file="cypress/integration/webdriver-uni/checkboxes.js" time="0.0000" failures="0"></testsuite>
<testsuite name="Verify chekcboxes via webdriveruni " timestamp="2021-02-25T12:23:08" tests="3" time="3.3490" failures="0">
  
  <testcase name="Verify chekcboxes via webdriveruni  Check and validate checkboxes" time="1.5730" classname="Check and validate checkboxes"></testcase>
  
  <testcase name="Verify chekcboxes via webdriveruni  Check an validate checkboxes are unchecked" time="0.6480" classname="Check an validate checkboxes are unchecked"></testcase>
  
  <testcase name="Verify chekcboxes via webdriveruni  Check multiple checkboxes" time="1.1280" classname="Check multiple checkboxes"></testcase>
  
</testsuite>

<testsuite name="Root Suite" timestamp="2021-02-25T12:24:01" tests="0" file="cypress/integration/webdriver-uni/hooks.js" time="0.0000" failures="0"></testsuite>
<testsuite name="Hooks" timestamp="2021-02-25T12:24:01" tests="2" time="0.0770" failures="0">
  
  <testcase name="Hooks test one" time="0.0570" classname="test one"></testcase>
  
  <testcase name="Hooks test two" time="0.0200" classname="test two"></testcase>
  
</testsuite>

<testsuite name="Root Suite" timestamp="2021-02-25T12:21:29" tests="0" file="cypress/integration/automation-test-store/iterate-each-element.js" time="0.0000" failures="0"></testsuite>
<testsuite name="Automation Test Store" timestamp="2021-02-25T12:21:29" tests="5" time="28.6750" failures="0">
  
  <testcase name="Automation Test Store Log information of all hair products" time="6.4930" classname="Log information of all hair products"></testcase>
  
  <testcase name="Automation Test Store Add specific product to basket" time="3.6400" classname="Add specific product to basket"></testcase>
  
  <testcase name="Automation Test Store Add another specific product to baske onet" time="8.7350" classname="Add another specific product to baske onet"></testcase>
  
  <testcase name="Automation Test Store Add another specific product to basket two" time="4.7950" classname="Add another specific product to basket two"></testcase>
  
  <testcase name="Automation Test Store Add another specific product to basket three" time="5.0120" classname="Add another specific product to basket three"></testcase>
  
</testsuite>

<testsuite name="Root Suite" timestamp="2021-02-25T12:32:38" tests="0" file="cypress/integration/automation-test-store/alias-invoke.js" time="0.0000" failures="0"></testsuite>
<testsuite name="Alias and invoke" timestamp="2021-02-25T12:32:38" tests="1" time="0.0000" failures="1">
  
  <testcase name="Alias and invoke this test is the same as the above but logs the total amount of the price items" time="0.0000" classname="this test is the same as the above but logs the total amount of the price items">
    
    <failure message="expected 403 to equal 527.45" type="AssertionError"><![CDATA[AssertionError: expected 403 to equal 527.45
    at Context.eval (https://www.automationteststore.com/__cypress/tests?p=cypress/integration/automation-test-store/alias-invoke.js:183:29)]]></failure>
    
  </testcase>
  
</testsuite>

<testsuite name="Root Suite" timestamp="2021-02-25T12:34:47" tests="0" file="cypress/integration/webdriver-uni/data-tables.js" time="0.0000" failures="0"></testsuite>
<testsuite name="Handling data via webdriveruni" timestamp="2021-02-25T12:34:47" tests="1" time="1.5560" failures="0">
  
  <testcase name="Handling data via webdriveruni Calcaluta the age of a given user based on the last name" time="1.5560" classname="Calcaluta the age of a given user based on the last name"></testcase>
  
</testsuite>

<testsuite name="Root Suite" timestamp="2021-02-25T12:35:28" tests="0" file="cypress/integration/webdriver-uni/iframes.js" time="0.0000" failures="0"></testsuite>
<testsuite name="Handle Iframes &amp; Models" timestamp="2021-02-25T12:35:28" tests="1" time="2.3090" failures="0">
  
  <testcase name="Handle Iframes &amp; Models Handle webdriver iframe * Models" time="2.3090" classname="Handle webdriver iframe * Models"></testcase>
  
</testsuite>

<testsuite name="Root Suite" timestamp="2021-02-25T12:22:08" tests="0" file="cypress/integration/automation-test-store/variable-and-cy-command.js" time="0.0000" failures="0"></testsuite>
<testsuite name="Verifying variables, cyress commands and hquery commands" timestamp="2021-02-25T12:22:08" tests="1" time="2.4380" failures="0">
  
  <testcase name="Verifying variables, cyress commands and hquery commands Navigating to specific product pages" time="2.4380" classname="Navigating to specific product pages"></testcase>
  
</testsuite>

<testsuite name="Root Suite" timestamp="2021-02-25T12:35:14" tests="0" file="cypress/integration/webdriver-uni/file-upload.js" time="0.0000" failures="0"></testsuite>
<testsuite name="Test upload webdriveruni" timestamp="2021-02-25T12:35:15" tests="2" time="2.3160" failures="0">
  
  <testcase name="Test upload webdriveruni Upload a file...." time="1.6390" classname="Upload a file...."></testcase>
  
  <testcase name="Test upload webdriveruni Upload no file...." time="0.6770" classname="Upload no file...."></testcase>
  
</testsuite>

<testsuite name="Root Suite" timestamp="2021-02-25T12:34:30" tests="0" file="cypress/integration/webdriver-uni/checkboxes.js" time="0.0000" failures="0"></testsuite>
<testsuite name="Verify chekcboxes via webdriveruni " timestamp="2021-02-25T12:34:30" tests="3" time="2.7220" failures="0">
  
  <testcase name="Verify chekcboxes via webdriveruni  Check and validate checkboxes" time="1.2850" classname="Check and validate checkboxes"></testcase>
  
  <testcase name="Verify chekcboxes via webdriveruni  Check an validate checkboxes are unchecked" time="0.5660" classname="Check an validate checkboxes are unchecked"></testcase>
  
  <testcase name="Verify chekcboxes via webdriveruni  Check multiple checkboxes" time="0.8710" classname="Check multiple checkboxes"></testcase>
  
</testsuite>

<testsuite name="Root Suite" timestamp="2021-02-25T12:35:42" tests="0" file="cypress/integration/webdriver-uni/mouse-actions.js" time="0.0000" failures="0"></testsuite>
<testsuite name="Test mouse actions" timestamp="2021-02-25T12:35:42" tests="1" time="3.5100" failures="0">
  
  <testcase name="Test mouse actions should be able to click and hold the button and get attr of that btn" time="3.5100" classname="should be able to click and hold the button and get attr of that btn"></testcase>
  
</testsuite>

<testsuite name="Root Suite" timestamp="2021-02-25T12:35:35" tests="0" file="cypress/integration/webdriver-uni/js-alert.js" time="0.0000" failures="0"></testsuite>
<testsuite name="Handle js alert" timestamp="2021-02-25T12:35:35" tests="1" time="0.8930" failures="0">
  
  <testcase name="Handle js alert Validate js alert works correctly when clicked on cancel challenge" time="0.8930" classname="Validate js alert works correctly when clicked on cancel challenge"></testcase>
  
</testsuite>

<testsuite name="Root Suite" timestamp="2021-02-25T12:24:04" tests="0" file="cypress/integration/webdriver-uni/iframes.js" time="0.0000" failures="0"></testsuite>
<testsuite name="Handle Iframes &amp; Models" timestamp="2021-02-25T12:24:04" tests="1" time="4.8750" failures="0">
  
  <testcase name="Handle Iframes &amp; Models Handle webdriver iframe * Models" time="4.8750" classname="Handle webdriver iframe * Models"></testcase>
  
</testsuite>

<testsuite name="Root Suite" timestamp="2021-02-25T12:24:32" tests="0" file="cypress/integration/webdriver-uni/traversing-elements.js" time="0.0000" failures="0"></testsuite>
<testsuite name="Traversing DOM elements in Cypress" timestamp="2021-02-25T12:24:32" tests="16" time="7.5180" failures="0">
  
  <testcase name="Traversing DOM elements in Cypress children() to get the children of DOM elements" time="1.2460" classname="children() to get the children of DOM elements"></testcase>
  
  <testcase name="Traversing DOM elements in Cypress closest() to validate the closest ancestor DOM element" time="0.3860" classname="closest() to validate the closest ancestor DOM element"></testcase>
  
  <testcase name="Traversing DOM elements in Cypress eq() to retrieve a specific element based on index" time="0.4590" classname="eq() to retrieve a specific element based on index"></testcase>
  
  <testcase name="Traversing DOM elements in Cypress filter() to retrieve DOM elements that match a specific selector" time="0.4640" classname="filter() to retrieve DOM elements that match a specific selector"></testcase>
  
  <testcase name="Traversing DOM elements in Cypress find() to retrieve DOM elements of a given selector pagination" time="0.4650" classname="find() to retrieve DOM elements of a given selector pagination"></testcase>
  
  <testcase name="Traversing DOM elements in Cypress first() to retrieve the first DOM element within elements table" time="0.4210" classname="first() to retrieve the first DOM element within elements table"></testcase>
  
  <testcase name="Traversing DOM elements in Cypress last() to retrieve the last DOM element within elements" time="0.3740" classname="last() to retrieve the last DOM element within elements"></testcase>
  
  <testcase name="Traversing DOM elements in Cypress nextAll() to get all of the next sibling DOM elements within elements" time="0.3970" classname="nextAll() to get all of the next sibling DOM elements within elements"></testcase>
  
  <testcase name="Traversing DOM elements in Cypress nextUntil() to get all of the next sibling DOM elements within elements until another element" time="0.4550" classname="nextUntil() to get all of the next sibling DOM elements within elements until another element"></testcase>
  
  <testcase name="Traversing DOM elements in Cypress not() to remove DOM element(s) from the set of elements" time="0.4430" classname="not() to remove DOM element(s) from the set of elements"></testcase>
  
  <testcase name="Traversing DOM elements in Cypress parent() To get parent DOM element of elements" time="0.3920" classname="parent() To get parent DOM element of elements"></testcase>
  
  <testcase name="Traversing DOM elements in Cypress parents() to get parents DOM element of elements" time="0.4030" classname="parents() to get parents DOM element of elements"></testcase>
  
  <testcase name="Traversing DOM elements in Cypress prev() to get the previous sibling DOM element within elements" time="0.3770" classname="prev() to get the previous sibling DOM element within elements"></testcase>
  
  <testcase name="Traversing DOM elements in Cypress prevAll() to get all previous sibling DOM elements within elements" time="0.3930" classname="prevAll() to get all previous sibling DOM elements within elements"></testcase>
  
  <testcase name="Traversing DOM elements in Cypress prevUntil() to get all previous sibling DOM elements within elements until other element" time="0.4150" classname="prevUntil() to get all previous sibling DOM elements within elements until other element"></testcase>
  
  <testcase name="Traversing DOM elements in Cypress siblings() To get all sibling DOM elements of elements" time="0.4280" classname="siblings() To get all sibling DOM elements of elements"></testcase>
  
</testsuite>

<testsuite name="Root Suite" timestamp="2021-02-25T12:35:06" tests="0" file="cypress/integration/webdriver-uni/dropdown.js" time="0.0000" failures="0"></testsuite>
<testsuite name="Interact with dropdown lists via webdriver" timestamp="2021-02-25T12:35:06" tests="1" time="2.6320" failures="0">
  
  <testcase name="Interact with dropdown lists via webdriver Select specific values via select dropdown lists" time="2.6320" classname="Select specific values via select dropdown lists"></testcase>
  
</testsuite>

<testsuite name="Root Suite" timestamp="2021-02-25T12:24:20" tests="0" file="cypress/integration/webdriver-uni/mouse-actions.js" time="0.0000" failures="0"></testsuite>
<testsuite name="Test mouse actions" timestamp="2021-02-25T12:24:20" tests="1" time="1.2120" failures="0">
  
  <testcase name="Test mouse actions should be able to click and hold the button and get attr of that btn" time="1.2120" classname="should be able to click and hold the button and get attr of that btn"></testcase>
  
</testsuite>

</testsuites>